<?xml version="1.0" encoding="UTF-8"?>
<!-- Generated by org.testng.reporters.JUnitXMLReporter -->
<testsuite ignored="0" hostname="Bharath" failures="1" tests="10" name="Test1" time="59.441" errors="0" timestamp="2022-11-03T10:02:35 IST">
  <testcase classname="com.application.tests.ApplicationTest" name="verifyApplicationLogo" time="5.877"/>
  <testcase classname="com.application.tests.ApplicationTest" name="verifyApplicationTitle" time="2.671"/>
  <testcase classname="com.application.tests.ApplicationTest" name="verifyApplicationLoginPageHeader" time="2.475"/>
  <testcase classname="com.application.tests.ApplicationTest" name="verifyApplicationCaption" time="2.978"/>
  <testcase classname="com.application.tests.ApplicationTest" name="verifyApplicationLogin" time="5.025"/>
  <testcase classname="com.application.tests.ApplicationTest" name="verifyApplicationLogin" time="7.167"/>
  <testcase classname="com.application.tests.ApplicationTest" name="verifyRegistrationPage" time="3.845"/>
  <testcase classname="com.application.tests.ApplicationTest" name="verifyRegistrationPageHeader" time="3.367"/>
  <testcase classname="com.application.tests.ApplicationTest" name="verifyForgotLoginPage" time="3.007"/>
  <testcase classname="com.application.tests.ApplicationTest" name="verifyForgotLoginPageHeader" time="3.342">
    <failure type="java.lang.AssertionError" message="expected [Customer Lookup] but found [Signing up is easy!]">
      <![CDATA[java.lang.AssertionError: expected [Customer Lookup] but found [Signing up is easy!]
at com.application.actions.ForgotLoginInfoPageActions.verifyRegistrationPageHeader(ForgotLoginInfoPageActions.java:18)
at com.application.tests.ApplicationTest.verifyForgotLoginPageHeader(ApplicationTest.java:89)
at java.base/java.util.ArrayList.forEach(ArrayList.java:1511)
at java.base/java.util.concurrent.FutureTask.run(FutureTask.java:264)
at java.base/java.util.concurrent.ThreadPoolExecutor.runWorker(ThreadPoolExecutor.java:1136)
at java.base/java.util.concurrent.ThreadPoolExecutor$Worker.run(ThreadPoolExecutor.java:635)
at java.base/java.lang.Thread.run(Thread.java:833)
... Removed 24 stack frames]]>
    </failure>
  </testcase> <!-- verifyForgotLoginPageHeader -->
</testsuite> <!-- Test1 -->
