<?xml version="1.0" encoding="UTF-8"?>
<!-- Generated by org.testng.reporters.JUnitXMLReporter -->
<testsuite ignored="7" hostname="Bharath" failures="0" tests="3" name="Test" time="90.139" errors="0" timestamp="2022-11-03T10:06:13 IST">
  <testcase classname="com.application.tests.ApplicationTest" name="verifyApplicationCaption" time="4.562"/>
  <testcase classname="com.application.tests.ApplicationTest" name="verifyApplicationLogin" time="32.399"/>
  <testcase classname="com.application.tests.ApplicationTest" name="verifyApplicationLogin" time="46.08"/>
  <testcase classname="com.application.tests.ApplicationTest" name="verifyApplicationLoginPageHeader" time="0.0">
    <ignored/>
  </testcase> <!-- verifyApplicationLoginPageHeader -->
  <testcase classname="com.application.tests.ApplicationTest" name="verifyRegistrationPageHeader" time="0.0">
    <ignored/>
  </testcase> <!-- verifyRegistrationPageHeader -->
  <testcase classname="com.application.tests.ApplicationTest" name="verifyForgotLoginPage" time="0.0">
    <ignored/>
  </testcase> <!-- verifyForgotLoginPage -->
  <testcase classname="com.application.tests.ApplicationTest" name="verifyApplicationTitle" time="0.0">
    <ignored/>
  </testcase> <!-- verifyApplicationTitle -->
  <testcase classname="com.application.tests.ApplicationTest" name="verifyApplicationLogo" time="0.0">
    <ignored/>
  </testcase> <!-- verifyApplicationLogo -->
  <testcase classname="com.application.tests.ApplicationTest" name="verifyRegistrationPage" time="0.0">
    <ignored/>
  </testcase> <!-- verifyRegistrationPage -->
  <testcase classname="com.application.tests.ApplicationTest" name="verifyForgotLoginPageHeader" time="0.0">
    <ignored/>
  </testcase> <!-- verifyForgotLoginPageHeader -->
</testsuite> <!-- Test -->
