<?xml version="1.0" encoding="UTF-8"?>
<testng-results ignored="7" total="10" passed="3" failed="0" skipped="0">
  <reporter-output>
  </reporter-output>
  <suite started-at="2022-11-03T10:04:43 IST" name="Suite" finished-at="2022-11-03T10:06:13 IST" duration-ms="90139">
    <groups>
      <group name="Sanity">
        <method signature="ApplicationTest.verifyApplicationCaption()[pri:4, instance:com.application.tests.ApplicationTest@25641d39]" name="verifyApplicationCaption" class="com.application.tests.ApplicationTest"/>
        <method signature="ApplicationTest.verifyApplicationLogin(java.lang.String,java.lang.String)[pri:5, instance:com.application.tests.ApplicationTest@25641d39]" name="verifyApplicationLogin" class="com.application.tests.ApplicationTest"/>
      </group> <!-- Sanity -->
      <group name="Regression">
        <method signature="ApplicationTest.verifyApplicationCaption()[pri:4, instance:com.application.tests.ApplicationTest@25641d39]" name="verifyApplicationCaption" class="com.application.tests.ApplicationTest"/>
        <method signature="ApplicationTest.verifyApplicationLogin(java.lang.String,java.lang.String)[pri:5, instance:com.application.tests.ApplicationTest@25641d39]" name="verifyApplicationLogin" class="com.application.tests.ApplicationTest"/>
      </group> <!-- Regression -->
    </groups>
    <test started-at="2022-11-03T10:04:43 IST" name="Test" finished-at="2022-11-03T10:06:13 IST" duration-ms="90139">
      <class name="com.application.tests.ApplicationTest">
        <test-method is-config="true" signature="setupReport()[pri:0, instance:com.application.tests.ApplicationTest@25641d39]" started-at="2022-11-03T10:04:43 IST" name="setupReport" finished-at="2022-11-03T10:04:43 IST" duration-ms="224" status="PASS">
          <reporter-output>
          </reporter-output>
        </test-method> <!-- setupReport -->
        <test-method is-config="true" signature="setupBrowser(java.lang.String)[pri:0, instance:com.application.tests.ApplicationTest@25641d39]" started-at="2022-11-03T10:04:43 IST" name="setupBrowser" finished-at="2022-11-03T10:04:46 IST" duration-ms="2573" status="PASS">
          <params>
            <param index="0">
              <value>
                <![CDATA[Chrome]]>
              </value>
            </param>
          </params>
          <reporter-output>
          </reporter-output>
        </test-method> <!-- setupBrowser -->
        <test-method signature="verifyApplicationCaption()[pri:4, instance:com.application.tests.ApplicationTest@25641d39]" started-at="2022-11-03T10:04:46 IST" name="verifyApplicationCaption" finished-at="2022-11-03T10:04:50 IST" duration-ms="4562" status="PASS">
          <reporter-output>
          </reporter-output>
        </test-method> <!-- verifyApplicationCaption -->
        <test-method is-config="true" signature="teardownBrowser()[pri:0, instance:com.application.tests.ApplicationTest@25641d39]" started-at="2022-11-03T10:04:51 IST" name="teardownBrowser" finished-at="2022-11-03T10:04:51 IST" duration-ms="185" status="PASS">
          <reporter-output>
          </reporter-output>
        </test-method> <!-- teardownBrowser -->
        <test-method is-config="true" signature="setupBrowser(java.lang.String)[pri:0, instance:com.application.tests.ApplicationTest@25641d39]" started-at="2022-11-03T10:04:52 IST" name="setupBrowser" finished-at="2022-11-03T10:04:53 IST" duration-ms="1199" status="PASS">
          <params>
            <param index="0">
              <value>
                <![CDATA[Chrome]]>
              </value>
            </param>
          </params>
          <reporter-output>
          </reporter-output>
        </test-method> <!-- setupBrowser -->
        <test-method signature="verifyApplicationLogin(java.lang.String,java.lang.String)[pri:5, instance:com.application.tests.ApplicationTest@25641d39]" started-at="2022-11-03T10:04:53 IST" name="verifyApplicationLogin" data-provider="testdata" finished-at="2022-11-03T10:05:26 IST" duration-ms="32399" status="PASS">
          <params>
            <param index="0">
              <value>
                <![CDATA[bharathnittech]]>
              </value>
            </param>
            <param index="1">
              <value>
                <![CDATA[demo]]>
              </value>
            </param>
          </params>
          <reporter-output>
          </reporter-output>
        </test-method> <!-- verifyApplicationLogin -->
        <test-method is-config="true" signature="teardownBrowser()[pri:0, instance:com.application.tests.ApplicationTest@25641d39]" started-at="2022-11-03T10:05:26 IST" name="teardownBrowser" finished-at="2022-11-03T10:05:26 IST" duration-ms="187" status="PASS">
          <reporter-output>
          </reporter-output>
        </test-method> <!-- teardownBrowser -->
        <test-method is-config="true" signature="setupBrowser(java.lang.String)[pri:0, instance:com.application.tests.ApplicationTest@25641d39]" started-at="2022-11-03T10:05:26 IST" name="setupBrowser" finished-at="2022-11-03T10:05:27 IST" duration-ms="1206" status="PASS">
          <params>
            <param index="0">
              <value>
                <![CDATA[Chrome]]>
              </value>
            </param>
          </params>
          <reporter-output>
          </reporter-output>
        </test-method> <!-- setupBrowser -->
        <test-method signature="verifyApplicationLogin(java.lang.String,java.lang.String)[pri:5, instance:com.application.tests.ApplicationTest@25641d39]" started-at="2022-11-03T10:05:27 IST" name="verifyApplicationLogin" data-provider="testdata" finished-at="2022-11-03T10:06:13 IST" duration-ms="46080" status="PASS">
          <params>
            <param index="0">
              <value>
                <![CDATA[InvalidUser]]>
              </value>
            </param>
            <param index="1">
              <value>
                <![CDATA[abc123]]>
              </value>
            </param>
          </params>
          <reporter-output>
          </reporter-output>
        </test-method> <!-- verifyApplicationLogin -->
        <test-method is-config="true" signature="teardownBrowser()[pri:0, instance:com.application.tests.ApplicationTest@25641d39]" started-at="2022-11-03T10:06:13 IST" name="teardownBrowser" finished-at="2022-11-03T10:06:13 IST" duration-ms="181" status="PASS">
          <reporter-output>
          </reporter-output>
        </test-method> <!-- teardownBrowser -->
        <test-method is-config="true" signature="stopReporting()[pri:0, instance:com.application.tests.ApplicationTest@25641d39]" started-at="2022-11-03T10:06:13 IST" name="stopReporting" finished-at="2022-11-03T10:06:14 IST" duration-ms="37" status="PASS">
          <reporter-output>
          </reporter-output>
        </test-method> <!-- stopReporting -->
      </class> <!-- com.application.tests.ApplicationTest -->
    </test> <!-- Test -->
  </suite> <!-- Suite -->
</testng-results>
